<?xml version="1.0" encoding="UTF-8"?>
<testsuite xmlns:xsi="http://www.w3.org/2001/XMLSchema-instance" xsi:noNamespaceSchemaLocation="https://maven.apache.org/surefire/maven-surefire-plugin/xsd/surefire-test-report-3.0.xsd" version="3.0" name="iewa.api.IewaApiApplicationTests" time="14.426" tests="1" errors="0" skipped="0" failures="0">
  <properties>
    <property name="java.specification.version" value="21"/>
    <property name="sun.jnu.encoding" value="UTF-8"/>
    <property name="java.class.path" value="/Users/0xff3z/Desktop/MyProjects/iewa-api-spring/target/test-classes:/Users/0xff3z/Desktop/MyProjects/iewa-api-spring/target/classes:/Users/0xff3z/.m2/repository/org/springframework/boot/spring-boot-starter-actuator/3.2.5/spring-boot-starter-actuator-3.2.5.jar:/Users/0xff3z/.m2/repository/org/springframework/boot/spring-boot-starter/3.2.5/spring-boot-starter-3.2.5.jar:/Users/0xff3z/.m2/repository/org/springframework/boot/spring-boot-starter-logging/3.2.5/spring-boot-starter-logging-3.2.5.jar:/Users/0xff3z/.m2/repository/ch/qos/logback/logback-classic/1.4.14/logback-classic-1.4.14.jar:/Users/0xff3z/.m2/repository/ch/qos/logback/logback-core/1.4.14/logback-core-1.4.14.jar:/Users/0xff3z/.m2/repository/org/apache/logging/log4j/log4j-to-slf4j/2.21.1/log4j-to-slf4j-2.21.1.jar:/Users/0xff3z/.m2/repository/org/apache/logging/log4j/log4j-api/2.21.1/log4j-api-2.21.1.jar:/Users/0xff3z/.m2/repository/org/slf4j/jul-to-slf4j/2.0.13/jul-to-slf4j-2.0.13.jar:/Users/0xff3z/.m2/repository/jakarta/annotation/jakarta.annotation-api/2.1.1/jakarta.annotation-api-2.1.1.jar:/Users/0xff3z/.m2/repository/org/yaml/snakeyaml/2.2/snakeyaml-2.2.jar:/Users/0xff3z/.m2/repository/org/springframework/boot/spring-boot-actuator-autoconfigure/3.2.5/spring-boot-actuator-autoconfigure-3.2.5.jar:/Users/0xff3z/.m2/repository/org/springframework/boot/spring-boot-actuator/3.2.5/spring-boot-actuator-3.2.5.jar:/Users/0xff3z/.m2/repository/com/fasterxml/jackson/core/jackson-databind/2.15.4/jackson-databind-2.15.4.jar:/Users/0xff3z/.m2/repository/com/fasterxml/jackson/core/jackson-annotations/2.15.4/jackson-annotations-2.15.4.jar:/Users/0xff3z/.m2/repository/com/fasterxml/jackson/core/jackson-core/2.15.4/jackson-core-2.15.4.jar:/Users/0xff3z/.m2/repository/com/fasterxml/jackson/datatype/jackson-datatype-jsr310/2.15.4/jackson-datatype-jsr310-2.15.4.jar:/Users/0xff3z/.m2/repository/io/micrometer/micrometer-observation/1.12.5/micrometer-observation-1.12.5.jar:/Users/0xff3z/.m2/repository/io/micrometer/micrometer-commons/1.12.5/micrometer-commons-1.12.5.jar:/Users/0xff3z/.m2/repository/io/micrometer/micrometer-jakarta9/1.12.5/micrometer-jakarta9-1.12.5.jar:/Users/0xff3z/.m2/repository/io/micrometer/micrometer-core/1.12.5/micrometer-core-1.12.5.jar:/Users/0xff3z/.m2/repository/org/hdrhistogram/HdrHistogram/2.1.12/HdrHistogram-2.1.12.jar:/Users/0xff3z/.m2/repository/org/latencyutils/LatencyUtils/2.0.3/LatencyUtils-2.0.3.jar:/Users/0xff3z/.m2/repository/org/springframework/boot/spring-boot-starter-data-jpa/3.2.5/spring-boot-starter-data-jpa-3.2.5.jar:/Users/0xff3z/.m2/repository/org/springframework/boot/spring-boot-starter-aop/3.2.5/spring-boot-starter-aop-3.2.5.jar:/Users/0xff3z/.m2/repository/org/aspectj/aspectjweaver/1.9.22/aspectjweaver-1.9.22.jar:/Users/0xff3z/.m2/repository/org/springframework/boot/spring-boot-starter-jdbc/3.2.5/spring-boot-starter-jdbc-3.2.5.jar:/Users/0xff3z/.m2/repository/com/zaxxer/HikariCP/5.0.1/HikariCP-5.0.1.jar:/Users/0xff3z/.m2/repository/org/springframework/spring-jdbc/6.1.6/spring-jdbc-6.1.6.jar:/Users/0xff3z/.m2/repository/org/hibernate/orm/hibernate-core/6.4.4.Final/hibernate-core-6.4.4.Final.jar:/Users/0xff3z/.m2/repository/jakarta/persistence/jakarta.persistence-api/3.1.0/jakarta.persistence-api-3.1.0.jar:/Users/0xff3z/.m2/repository/jakarta/transaction/jakarta.transaction-api/2.0.1/jakarta.transaction-api-2.0.1.jar:/Users/0xff3z/.m2/repository/org/jboss/logging/jboss-logging/3.5.3.Final/jboss-logging-3.5.3.Final.jar:/Users/0xff3z/.m2/repository/org/hibernate/common/hibernate-commons-annotations/6.0.6.Final/hibernate-commons-annotations-6.0.6.Final.jar:/Users/0xff3z/.m2/repository/io/smallrye/jandex/3.1.2/jandex-3.1.2.jar:/Users/0xff3z/.m2/repository/com/fasterxml/classmate/1.6.0/classmate-1.6.0.jar:/Users/0xff3z/.m2/repository/net/bytebuddy/byte-buddy/1.14.13/byte-buddy-1.14.13.jar:/Users/0xff3z/.m2/repository/org/glassfish/jaxb/jaxb-runtime/4.0.5/jaxb-runtime-4.0.5.jar:/Users/0xff3z/.m2/repository/org/glassfish/jaxb/jaxb-core/4.0.5/jaxb-core-4.0.5.jar:/Users/0xff3z/.m2/repository/org/eclipse/angus/angus-activation/2.0.2/angus-activation-2.0.2.jar:/Users/0xff3z/.m2/repository/org/glassfish/jaxb/txw2/4.0.5/txw2-4.0.5.jar:/Users/0xff3z/.m2/repository/com/sun/istack/istack-commons-runtime/4.1.2/istack-commons-runtime-4.1.2.jar:/Users/0xff3z/.m2/repository/jakarta/inject/jakarta.inject-api/2.0.1/jakarta.inject-api-2.0.1.jar:/Users/0xff3z/.m2/repository/org/antlr/antlr4-runtime/4.13.0/antlr4-runtime-4.13.0.jar:/Users/0xff3z/.m2/repository/org/springframework/data/spring-data-jpa/3.2.5/spring-data-jpa-3.2.5.jar:/Users/0xff3z/.m2/repository/org/springframework/data/spring-data-commons/3.2.5/spring-data-commons-3.2.5.jar:/Users/0xff3z/.m2/repository/org/springframework/spring-orm/6.1.6/spring-orm-6.1.6.jar:/Users/0xff3z/.m2/repository/org/springframework/spring-context/6.1.6/spring-context-6.1.6.jar:/Users/0xff3z/.m2/repository/org/springframework/spring-aspects/6.1.6/spring-aspects-6.1.6.jar:/Users/0xff3z/.m2/repository/org/springframework/boot/spring-boot-starter-security/3.2.5/spring-boot-starter-security-3.2.5.jar:/Users/0xff3z/.m2/repository/org/springframework/spring-aop/6.1.6/spring-aop-6.1.6.jar:/Users/0xff3z/.m2/repository/org/springframework/security/spring-security-config/6.2.4/spring-security-config-6.2.4.jar:/Users/0xff3z/.m2/repository/org/springframework/security/spring-security-web/6.2.4/spring-security-web-6.2.4.jar:/Users/0xff3z/.m2/repository/org/springframework/spring-expression/6.1.6/spring-expression-6.1.6.jar:/Users/0xff3z/.m2/repository/org/springframework/boot/spring-boot-devtools/3.2.5/spring-boot-devtools-3.2.5.jar:/Users/0xff3z/.m2/repository/org/springframework/boot/spring-boot/3.2.5/spring-boot-3.2.5.jar:/Users/0xff3z/.m2/repository/org/springframework/boot/spring-boot-autoconfigure/3.2.5/spring-boot-autoconfigure-3.2.5.jar:/Users/0xff3z/.m2/repository/org/postgresql/postgresql/42.6.2/postgresql-42.6.2.jar:/Users/0xff3z/.m2/repository/org/checkerframework/checker-qual/3.31.0/checker-qual-3.31.0.jar:/Users/0xff3z/.m2/repository/org/projectlombok/lombok/1.18.32/lombok-1.18.32.jar:/Users/0xff3z/.m2/repository/org/springframework/boot/spring-boot-starter-test/3.2.5/spring-boot-starter-test-3.2.5.jar:/Users/0xff3z/.m2/repository/org/springframework/boot/spring-boot-test/3.2.5/spring-boot-test-3.2.5.jar:/Users/0xff3z/.m2/repository/org/springframework/boot/spring-boot-test-autoconfigure/3.2.5/spring-boot-test-autoconfigure-3.2.5.jar:/Users/0xff3z/.m2/repository/com/jayway/jsonpath/json-path/2.9.0/json-path-2.9.0.jar:/Users/0xff3z/.m2/repository/jakarta/xml/bind/jakarta.xml.bind-api/4.0.2/jakarta.xml.bind-api-4.0.2.jar:/Users/0xff3z/.m2/repository/jakarta/activation/jakarta.activation-api/2.1.3/jakarta.activation-api-2.1.3.jar:/Users/0xff3z/.m2/repository/net/minidev/json-smart/2.5.1/json-smart-2.5.1.jar:/Users/0xff3z/.m2/repository/net/minidev/accessors-smart/2.5.1/accessors-smart-2.5.1.jar:/Users/0xff3z/.m2/repository/org/ow2/asm/asm/9.6/asm-9.6.jar:/Users/0xff3z/.m2/repository/org/assertj/assertj-core/3.24.2/assertj-core-3.24.2.jar:/Users/0xff3z/.m2/repository/org/awaitility/awaitility/4.2.1/awaitility-4.2.1.jar:/Users/0xff3z/.m2/repository/org/hamcrest/hamcrest/2.2/hamcrest-2.2.jar:/Users/0xff3z/.m2/repository/org/junit/jupiter/junit-jupiter/5.10.2/junit-jupiter-5.10.2.jar:/Users/0xff3z/.m2/repository/org/junit/jupiter/junit-jupiter-api/5.10.2/junit-jupiter-api-5.10.2.jar:/Users/0xff3z/.m2/repository/org/opentest4j/opentest4j/1.3.0/opentest4j-1.3.0.jar:/Users/0xff3z/.m2/repository/org/junit/platform/junit-platform-commons/1.10.2/junit-platform-commons-1.10.2.jar:/Users/0xff3z/.m2/repository/org/apiguardian/apiguardian-api/1.1.2/apiguardian-api-1.1.2.jar:/Users/0xff3z/.m2/repository/org/junit/jupiter/junit-jupiter-params/5.10.2/junit-jupiter-params-5.10.2.jar:/Users/0xff3z/.m2/repository/org/junit/jupiter/junit-jupiter-engine/5.10.2/junit-jupiter-engine-5.10.2.jar:/Users/0xff3z/.m2/repository/org/junit/platform/junit-platform-engine/1.10.2/junit-platform-engine-1.10.2.jar:/Users/0xff3z/.m2/repository/org/mockito/mockito-core/5.7.0/mockito-core-5.7.0.jar:/Users/0xff3z/.m2/repository/net/bytebuddy/byte-buddy-agent/1.14.13/byte-buddy-agent-1.14.13.jar:/Users/0xff3z/.m2/repository/org/objenesis/objenesis/3.3/objenesis-3.3.jar:/Users/0xff3z/.m2/repository/org/mockito/mockito-junit-jupiter/5.7.0/mockito-junit-jupiter-5.7.0.jar:/Users/0xff3z/.m2/repository/org/skyscreamer/jsonassert/1.5.1/jsonassert-1.5.1.jar:/Users/0xff3z/.m2/repository/com/vaadin/external/google/android-json/0.0.20131108.vaadin1/android-json-0.0.20131108.vaadin1.jar:/Users/0xff3z/.m2/repository/org/springframework/spring-core/6.1.6/spring-core-6.1.6.jar:/Users/0xff3z/.m2/repository/org/springframework/spring-jcl/6.1.6/spring-jcl-6.1.6.jar:/Users/0xff3z/.m2/repository/org/springframework/spring-test/6.1.6/spring-test-6.1.6.jar:/Users/0xff3z/.m2/repository/org/xmlunit/xmlunit-core/2.9.1/xmlunit-core-2.9.1.jar:/Users/0xff3z/.m2/repository/org/springframework/security/spring-security-test/6.2.4/spring-security-test-6.2.4.jar:/Users/0xff3z/.m2/repository/org/springframework/security/spring-security-core/6.2.4/spring-security-core-6.2.4.jar:/Users/0xff3z/.m2/repository/org/springframework/security/spring-security-crypto/6.2.4/spring-security-crypto-6.2.4.jar:/Users/0xff3z/.m2/repository/org/springdoc/springdoc-openapi-starter-webmvc-ui/2.5.0/springdoc-openapi-starter-webmvc-ui-2.5.0.jar:/Users/0xff3z/.m2/repository/org/springdoc/springdoc-openapi-starter-webmvc-api/2.5.0/springdoc-openapi-starter-webmvc-api-2.5.0.jar:/Users/0xff3z/.m2/repository/org/springdoc/springdoc-openapi-starter-common/2.5.0/springdoc-openapi-starter-common-2.5.0.jar:/Users/0xff3z/.m2/repository/io/swagger/core/v3/swagger-core-jakarta/2.2.21/swagger-core-jakarta-2.2.21.jar:/Users/0xff3z/.m2/repository/org/apache/commons/commons-lang3/3.13.0/commons-lang3-3.13.0.jar:/Users/0xff3z/.m2/repository/io/swagger/core/v3/swagger-annotations-jakarta/2.2.21/swagger-annotations-jakarta-2.2.21.jar:/Users/0xff3z/.m2/repository/io/swagger/core/v3/swagger-models-jakarta/2.2.21/swagger-models-jakarta-2.2.21.jar:/Users/0xff3z/.m2/repository/jakarta/validation/jakarta.validation-api/3.0.2/jakarta.validation-api-3.0.2.jar:/Users/0xff3z/.m2/repository/com/fasterxml/jackson/dataformat/jackson-dataformat-yaml/2.15.4/jackson-dataformat-yaml-2.15.4.jar:/Users/0xff3z/.m2/repository/org/springframework/spring-webmvc/6.1.6/spring-webmvc-6.1.6.jar:/Users/0xff3z/.m2/repository/org/webjars/swagger-ui/5.13.0/swagger-ui-5.13.0.jar:/Users/0xff3z/.m2/repository/com/nimbusds/nimbus-jose-jwt/9.37.3/nimbus-jose-jwt-9.37.3.jar:/Users/0xff3z/.m2/repository/com/github/stephenc/jcip/jcip-annotations/1.0-1/jcip-annotations-1.0-1.jar:/Users/0xff3z/.m2/repository/org/apache/tomcat/embed/tomcat-embed-core/10.1.19/tomcat-embed-core-10.1.19.jar:/Users/0xff3z/.m2/repository/org/apache/tomcat/tomcat-annotations-api/10.1.20/tomcat-annotations-api-10.1.20.jar:/Users/0xff3z/.m2/repository/org/springframework/boot/spring-boot-starter-amqp/3.2.5/spring-boot-starter-amqp-3.2.5.jar:/Users/0xff3z/.m2/repository/org/springframework/spring-messaging/6.1.6/spring-messaging-6.1.6.jar:/Users/0xff3z/.m2/repository/org/springframework/amqp/spring-rabbit/3.1.4/spring-rabbit-3.1.4.jar:/Users/0xff3z/.m2/repository/org/springframework/amqp/spring-amqp/3.1.4/spring-amqp-3.1.4.jar:/Users/0xff3z/.m2/repository/org/springframework/retry/spring-retry/2.0.5/spring-retry-2.0.5.jar:/Users/0xff3z/.m2/repository/com/rabbitmq/amqp-client/5.19.0/amqp-client-5.19.0.jar:/Users/0xff3z/.m2/repository/org/springframework/spring-webflux/6.1.6/spring-webflux-6.1.6.jar:/Users/0xff3z/.m2/repository/org/springframework/spring-beans/6.1.6/spring-beans-6.1.6.jar:/Users/0xff3z/.m2/repository/org/springframework/spring-web/6.1.6/spring-web-6.1.6.jar:/Users/0xff3z/.m2/repository/io/projectreactor/reactor-core/3.6.5/reactor-core-3.6.5.jar:/Users/0xff3z/.m2/repository/org/reactivestreams/reactive-streams/1.0.4/reactive-streams-1.0.4.jar:/Users/0xff3z/.m2/repository/org/springframework/amqp/spring-rabbit-test/3.1.4/spring-rabbit-test-3.1.4.jar:/Users/0xff3z/.m2/repository/org/springframework/amqp/spring-rabbit-junit/3.1.4/spring-rabbit-junit-3.1.4.jar:/Users/0xff3z/.m2/repository/org/hamcrest/hamcrest-library/2.2/hamcrest-library-2.2.jar:/Users/0xff3z/.m2/repository/org/hamcrest/hamcrest-core/2.2/hamcrest-core-2.2.jar:/Users/0xff3z/.m2/repository/org/json/json/20240303/json-20240303.jar:/Users/0xff3z/.m2/repository/org/springframework/data/spring-data-redis/3.2.5/spring-data-redis-3.2.5.jar:/Users/0xff3z/.m2/repository/org/springframework/data/spring-data-keyvalue/3.2.5/spring-data-keyvalue-3.2.5.jar:/Users/0xff3z/.m2/repository/org/springframework/spring-tx/6.1.6/spring-tx-6.1.6.jar:/Users/0xff3z/.m2/repository/org/springframework/spring-oxm/6.1.6/spring-oxm-6.1.6.jar:/Users/0xff3z/.m2/repository/org/springframework/spring-context-support/6.1.6/spring-context-support-6.1.6.jar:/Users/0xff3z/.m2/repository/org/slf4j/slf4j-api/2.0.13/slf4j-api-2.0.13.jar:/Users/0xff3z/.m2/repository/org/apache/commons/commons-csv/1.1/commons-csv-1.1.jar:"/>
    <property name="java.vm.vendor" value="Oracle Corporation"/>
    <property name="sun.arch.data.model" value="64"/>
    <property name="java.vendor.url" value="https://java.oracle.com/"/>
    <property name="user.timezone" value="Asia/Riyadh"/>
    <property name="org.jboss.logging.provider" value="slf4j"/>
    <property name="os.name" value="Mac OS X"/>
    <property name="java.vm.specification.version" value="21"/>
    <property name="sun.java.launcher" value="SUN_STANDARD"/>
    <property name="user.country" value="GB"/>
    <property name="sun.boot.library.path" value="/Users/0xff3z/Library/Java/JavaVirtualMachines/openjdk-21.0.2/Contents/Home/lib"/>
    <property name="sun.java.command" value="/Users/0xff3z/Desktop/MyProjects/iewa-api-spring/target/surefire/surefirebooter-20240429112616842_3.jar /Users/0xff3z/Desktop/MyProjects/iewa-api-spring/target/surefire 2024-04-29T11-26-16_713-jvmRun1 surefire-20240429112616842_1tmp surefire_0-20240429112616842_2tmp"/>
    <property name="http.nonProxyHosts" value="local|*.local|169.254/16|*.169.254/16"/>
    <property name="jdk.debug" value="release"/>
    <property name="surefire.test.class.path" value="/Users/0xff3z/Desktop/MyProjects/iewa-api-spring/target/test-classes:/Users/0xff3z/Desktop/MyProjects/iewa-api-spring/target/classes:/Users/0xff3z/.m2/repository/org/springframework/boot/spring-boot-starter-actuator/3.2.5/spring-boot-starter-actuator-3.2.5.jar:/Users/0xff3z/.m2/repository/org/springframework/boot/spring-boot-starter/3.2.5/spring-boot-starter-3.2.5.jar:/Users/0xff3z/.m2/repository/org/springframework/boot/spring-boot-starter-logging/3.2.5/spring-boot-starter-logging-3.2.5.jar:/Users/0xff3z/.m2/repository/ch/qos/logback/logback-classic/1.4.14/logback-classic-1.4.14.jar:/Users/0xff3z/.m2/repository/ch/qos/logback/logback-core/1.4.14/logback-core-1.4.14.jar:/Users/0xff3z/.m2/repository/org/apache/logging/log4j/log4j-to-slf4j/2.21.1/log4j-to-slf4j-2.21.1.jar:/Users/0xff3z/.m2/repository/org/apache/logging/log4j/log4j-api/2.21.1/log4j-api-2.21.1.jar:/Users/0xff3z/.m2/repository/org/slf4j/jul-to-slf4j/2.0.13/jul-to-slf4j-2.0.13.jar:/Users/0xff3z/.m2/repository/jakarta/annotation/jakarta.annotation-api/2.1.1/jakarta.annotation-api-2.1.1.jar:/Users/0xff3z/.m2/repository/org/yaml/snakeyaml/2.2/snakeyaml-2.2.jar:/Users/0xff3z/.m2/repository/org/springframework/boot/spring-boot-actuator-autoconfigure/3.2.5/spring-boot-actuator-autoconfigure-3.2.5.jar:/Users/0xff3z/.m2/repository/org/springframework/boot/spring-boot-actuator/3.2.5/spring-boot-actuator-3.2.5.jar:/Users/0xff3z/.m2/repository/com/fasterxml/jackson/core/jackson-databind/2.15.4/jackson-databind-2.15.4.jar:/Users/0xff3z/.m2/repository/com/fasterxml/jackson/core/jackson-annotations/2.15.4/jackson-annotations-2.15.4.jar:/Users/0xff3z/.m2/repository/com/fasterxml/jackson/core/jackson-core/2.15.4/jackson-core-2.15.4.jar:/Users/0xff3z/.m2/repository/com/fasterxml/jackson/datatype/jackson-datatype-jsr310/2.15.4/jackson-datatype-jsr310-2.15.4.jar:/Users/0xff3z/.m2/repository/io/micrometer/micrometer-observation/1.12.5/micrometer-observation-1.12.5.jar:/Users/0xff3z/.m2/repository/io/micrometer/micrometer-commons/1.12.5/micrometer-commons-1.12.5.jar:/Users/0xff3z/.m2/repository/io/micrometer/micrometer-jakarta9/1.12.5/micrometer-jakarta9-1.12.5.jar:/Users/0xff3z/.m2/repository/io/micrometer/micrometer-core/1.12.5/micrometer-core-1.12.5.jar:/Users/0xff3z/.m2/repository/org/hdrhistogram/HdrHistogram/2.1.12/HdrHistogram-2.1.12.jar:/Users/0xff3z/.m2/repository/org/latencyutils/LatencyUtils/2.0.3/LatencyUtils-2.0.3.jar:/Users/0xff3z/.m2/repository/org/springframework/boot/spring-boot-starter-data-jpa/3.2.5/spring-boot-starter-data-jpa-3.2.5.jar:/Users/0xff3z/.m2/repository/org/springframework/boot/spring-boot-starter-aop/3.2.5/spring-boot-starter-aop-3.2.5.jar:/Users/0xff3z/.m2/repository/org/aspectj/aspectjweaver/1.9.22/aspectjweaver-1.9.22.jar:/Users/0xff3z/.m2/repository/org/springframework/boot/spring-boot-starter-jdbc/3.2.5/spring-boot-starter-jdbc-3.2.5.jar:/Users/0xff3z/.m2/repository/com/zaxxer/HikariCP/5.0.1/HikariCP-5.0.1.jar:/Users/0xff3z/.m2/repository/org/springframework/spring-jdbc/6.1.6/spring-jdbc-6.1.6.jar:/Users/0xff3z/.m2/repository/org/hibernate/orm/hibernate-core/6.4.4.Final/hibernate-core-6.4.4.Final.jar:/Users/0xff3z/.m2/repository/jakarta/persistence/jakarta.persistence-api/3.1.0/jakarta.persistence-api-3.1.0.jar:/Users/0xff3z/.m2/repository/jakarta/transaction/jakarta.transaction-api/2.0.1/jakarta.transaction-api-2.0.1.jar:/Users/0xff3z/.m2/repository/org/jboss/logging/jboss-logging/3.5.3.Final/jboss-logging-3.5.3.Final.jar:/Users/0xff3z/.m2/repository/org/hibernate/common/hibernate-commons-annotations/6.0.6.Final/hibernate-commons-annotations-6.0.6.Final.jar:/Users/0xff3z/.m2/repository/io/smallrye/jandex/3.1.2/jandex-3.1.2.jar:/Users/0xff3z/.m2/repository/com/fasterxml/classmate/1.6.0/classmate-1.6.0.jar:/Users/0xff3z/.m2/repository/net/bytebuddy/byte-buddy/1.14.13/byte-buddy-1.14.13.jar:/Users/0xff3z/.m2/repository/org/glassfish/jaxb/jaxb-runtime/4.0.5/jaxb-runtime-4.0.5.jar:/Users/0xff3z/.m2/repository/org/glassfish/jaxb/jaxb-core/4.0.5/jaxb-core-4.0.5.jar:/Users/0xff3z/.m2/repository/org/eclipse/angus/angus-activation/2.0.2/angus-activation-2.0.2.jar:/Users/0xff3z/.m2/repository/org/glassfish/jaxb/txw2/4.0.5/txw2-4.0.5.jar:/Users/0xff3z/.m2/repository/com/sun/istack/istack-commons-runtime/4.1.2/istack-commons-runtime-4.1.2.jar:/Users/0xff3z/.m2/repository/jakarta/inject/jakarta.inject-api/2.0.1/jakarta.inject-api-2.0.1.jar:/Users/0xff3z/.m2/repository/org/antlr/antlr4-runtime/4.13.0/antlr4-runtime-4.13.0.jar:/Users/0xff3z/.m2/repository/org/springframework/data/spring-data-jpa/3.2.5/spring-data-jpa-3.2.5.jar:/Users/0xff3z/.m2/repository/org/springframework/data/spring-data-commons/3.2.5/spring-data-commons-3.2.5.jar:/Users/0xff3z/.m2/repository/org/springframework/spring-orm/6.1.6/spring-orm-6.1.6.jar:/Users/0xff3z/.m2/repository/org/springframework/spring-context/6.1.6/spring-context-6.1.6.jar:/Users/0xff3z/.m2/repository/org/springframework/spring-aspects/6.1.6/spring-aspects-6.1.6.jar:/Users/0xff3z/.m2/repository/org/springframework/boot/spring-boot-starter-security/3.2.5/spring-boot-starter-security-3.2.5.jar:/Users/0xff3z/.m2/repository/org/springframework/spring-aop/6.1.6/spring-aop-6.1.6.jar:/Users/0xff3z/.m2/repository/org/springframework/security/spring-security-config/6.2.4/spring-security-config-6.2.4.jar:/Users/0xff3z/.m2/repository/org/springframework/security/spring-security-web/6.2.4/spring-security-web-6.2.4.jar:/Users/0xff3z/.m2/repository/org/springframework/spring-expression/6.1.6/spring-expression-6.1.6.jar:/Users/0xff3z/.m2/repository/org/springframework/boot/spring-boot-devtools/3.2.5/spring-boot-devtools-3.2.5.jar:/Users/0xff3z/.m2/repository/org/springframework/boot/spring-boot/3.2.5/spring-boot-3.2.5.jar:/Users/0xff3z/.m2/repository/org/springframework/boot/spring-boot-autoconfigure/3.2.5/spring-boot-autoconfigure-3.2.5.jar:/Users/0xff3z/.m2/repository/org/postgresql/postgresql/42.6.2/postgresql-42.6.2.jar:/Users/0xff3z/.m2/repository/org/checkerframework/checker-qual/3.31.0/checker-qual-3.31.0.jar:/Users/0xff3z/.m2/repository/org/projectlombok/lombok/1.18.32/lombok-1.18.32.jar:/Users/0xff3z/.m2/repository/org/springframework/boot/spring-boot-starter-test/3.2.5/spring-boot-starter-test-3.2.5.jar:/Users/0xff3z/.m2/repository/org/springframework/boot/spring-boot-test/3.2.5/spring-boot-test-3.2.5.jar:/Users/0xff3z/.m2/repository/org/springframework/boot/spring-boot-test-autoconfigure/3.2.5/spring-boot-test-autoconfigure-3.2.5.jar:/Users/0xff3z/.m2/repository/com/jayway/jsonpath/json-path/2.9.0/json-path-2.9.0.jar:/Users/0xff3z/.m2/repository/jakarta/xml/bind/jakarta.xml.bind-api/4.0.2/jakarta.xml.bind-api-4.0.2.jar:/Users/0xff3z/.m2/repository/jakarta/activation/jakarta.activation-api/2.1.3/jakarta.activation-api-2.1.3.jar:/Users/0xff3z/.m2/repository/net/minidev/json-smart/2.5.1/json-smart-2.5.1.jar:/Users/0xff3z/.m2/repository/net/minidev/accessors-smart/2.5.1/accessors-smart-2.5.1.jar:/Users/0xff3z/.m2/repository/org/ow2/asm/asm/9.6/asm-9.6.jar:/Users/0xff3z/.m2/repository/org/assertj/assertj-core/3.24.2/assertj-core-3.24.2.jar:/Users/0xff3z/.m2/repository/org/awaitility/awaitility/4.2.1/awaitility-4.2.1.jar:/Users/0xff3z/.m2/repository/org/hamcrest/hamcrest/2.2/hamcrest-2.2.jar:/Users/0xff3z/.m2/repository/org/junit/jupiter/junit-jupiter/5.10.2/junit-jupiter-5.10.2.jar:/Users/0xff3z/.m2/repository/org/junit/jupiter/junit-jupiter-api/5.10.2/junit-jupiter-api-5.10.2.jar:/Users/0xff3z/.m2/repository/org/opentest4j/opentest4j/1.3.0/opentest4j-1.3.0.jar:/Users/0xff3z/.m2/repository/org/junit/platform/junit-platform-commons/1.10.2/junit-platform-commons-1.10.2.jar:/Users/0xff3z/.m2/repository/org/apiguardian/apiguardian-api/1.1.2/apiguardian-api-1.1.2.jar:/Users/0xff3z/.m2/repository/org/junit/jupiter/junit-jupiter-params/5.10.2/junit-jupiter-params-5.10.2.jar:/Users/0xff3z/.m2/repository/org/junit/jupiter/junit-jupiter-engine/5.10.2/junit-jupiter-engine-5.10.2.jar:/Users/0xff3z/.m2/repository/org/junit/platform/junit-platform-engine/1.10.2/junit-platform-engine-1.10.2.jar:/Users/0xff3z/.m2/repository/org/mockito/mockito-core/5.7.0/mockito-core-5.7.0.jar:/Users/0xff3z/.m2/repository/net/bytebuddy/byte-buddy-agent/1.14.13/byte-buddy-agent-1.14.13.jar:/Users/0xff3z/.m2/repository/org/objenesis/objenesis/3.3/objenesis-3.3.jar:/Users/0xff3z/.m2/repository/org/mockito/mockito-junit-jupiter/5.7.0/mockito-junit-jupiter-5.7.0.jar:/Users/0xff3z/.m2/repository/org/skyscreamer/jsonassert/1.5.1/jsonassert-1.5.1.jar:/Users/0xff3z/.m2/repository/com/vaadin/external/google/android-json/0.0.20131108.vaadin1/android-json-0.0.20131108.vaadin1.jar:/Users/0xff3z/.m2/repository/org/springframework/spring-core/6.1.6/spring-core-6.1.6.jar:/Users/0xff3z/.m2/repository/org/springframework/spring-jcl/6.1.6/spring-jcl-6.1.6.jar:/Users/0xff3z/.m2/repository/org/springframework/spring-test/6.1.6/spring-test-6.1.6.jar:/Users/0xff3z/.m2/repository/org/xmlunit/xmlunit-core/2.9.1/xmlunit-core-2.9.1.jar:/Users/0xff3z/.m2/repository/org/springframework/security/spring-security-test/6.2.4/spring-security-test-6.2.4.jar:/Users/0xff3z/.m2/repository/org/springframework/security/spring-security-core/6.2.4/spring-security-core-6.2.4.jar:/Users/0xff3z/.m2/repository/org/springframework/security/spring-security-crypto/6.2.4/spring-security-crypto-6.2.4.jar:/Users/0xff3z/.m2/repository/org/springdoc/springdoc-openapi-starter-webmvc-ui/2.5.0/springdoc-openapi-starter-webmvc-ui-2.5.0.jar:/Users/0xff3z/.m2/repository/org/springdoc/springdoc-openapi-starter-webmvc-api/2.5.0/springdoc-openapi-starter-webmvc-api-2.5.0.jar:/Users/0xff3z/.m2/repository/org/springdoc/springdoc-openapi-starter-common/2.5.0/springdoc-openapi-starter-common-2.5.0.jar:/Users/0xff3z/.m2/repository/io/swagger/core/v3/swagger-core-jakarta/2.2.21/swagger-core-jakarta-2.2.21.jar:/Users/0xff3z/.m2/repository/org/apache/commons/commons-lang3/3.13.0/commons-lang3-3.13.0.jar:/Users/0xff3z/.m2/repository/io/swagger/core/v3/swagger-annotations-jakarta/2.2.21/swagger-annotations-jakarta-2.2.21.jar:/Users/0xff3z/.m2/repository/io/swagger/core/v3/swagger-models-jakarta/2.2.21/swagger-models-jakarta-2.2.21.jar:/Users/0xff3z/.m2/repository/jakarta/validation/jakarta.validation-api/3.0.2/jakarta.validation-api-3.0.2.jar:/Users/0xff3z/.m2/repository/com/fasterxml/jackson/dataformat/jackson-dataformat-yaml/2.15.4/jackson-dataformat-yaml-2.15.4.jar:/Users/0xff3z/.m2/repository/org/springframework/spring-webmvc/6.1.6/spring-webmvc-6.1.6.jar:/Users/0xff3z/.m2/repository/org/webjars/swagger-ui/5.13.0/swagger-ui-5.13.0.jar:/Users/0xff3z/.m2/repository/com/nimbusds/nimbus-jose-jwt/9.37.3/nimbus-jose-jwt-9.37.3.jar:/Users/0xff3z/.m2/repository/com/github/stephenc/jcip/jcip-annotations/1.0-1/jcip-annotations-1.0-1.jar:/Users/0xff3z/.m2/repository/org/apache/tomcat/embed/tomcat-embed-core/10.1.19/tomcat-embed-core-10.1.19.jar:/Users/0xff3z/.m2/repository/org/apache/tomcat/tomcat-annotations-api/10.1.20/tomcat-annotations-api-10.1.20.jar:/Users/0xff3z/.m2/repository/org/springframework/boot/spring-boot-starter-amqp/3.2.5/spring-boot-starter-amqp-3.2.5.jar:/Users/0xff3z/.m2/repository/org/springframework/spring-messaging/6.1.6/spring-messaging-6.1.6.jar:/Users/0xff3z/.m2/repository/org/springframework/amqp/spring-rabbit/3.1.4/spring-rabbit-3.1.4.jar:/Users/0xff3z/.m2/repository/org/springframework/amqp/spring-amqp/3.1.4/spring-amqp-3.1.4.jar:/Users/0xff3z/.m2/repository/org/springframework/retry/spring-retry/2.0.5/spring-retry-2.0.5.jar:/Users/0xff3z/.m2/repository/com/rabbitmq/amqp-client/5.19.0/amqp-client-5.19.0.jar:/Users/0xff3z/.m2/repository/org/springframework/spring-webflux/6.1.6/spring-webflux-6.1.6.jar:/Users/0xff3z/.m2/repository/org/springframework/spring-beans/6.1.6/spring-beans-6.1.6.jar:/Users/0xff3z/.m2/repository/org/springframework/spring-web/6.1.6/spring-web-6.1.6.jar:/Users/0xff3z/.m2/repository/io/projectreactor/reactor-core/3.6.5/reactor-core-3.6.5.jar:/Users/0xff3z/.m2/repository/org/reactivestreams/reactive-streams/1.0.4/reactive-streams-1.0.4.jar:/Users/0xff3z/.m2/repository/org/springframework/amqp/spring-rabbit-test/3.1.4/spring-rabbit-test-3.1.4.jar:/Users/0xff3z/.m2/repository/org/springframework/amqp/spring-rabbit-junit/3.1.4/spring-rabbit-junit-3.1.4.jar:/Users/0xff3z/.m2/repository/org/hamcrest/hamcrest-library/2.2/hamcrest-library-2.2.jar:/Users/0xff3z/.m2/repository/org/hamcrest/hamcrest-core/2.2/hamcrest-core-2.2.jar:/Users/0xff3z/.m2/repository/org/json/json/20240303/json-20240303.jar:/Users/0xff3z/.m2/repository/org/springframework/data/spring-data-redis/3.2.5/spring-data-redis-3.2.5.jar:/Users/0xff3z/.m2/repository/org/springframework/data/spring-data-keyvalue/3.2.5/spring-data-keyvalue-3.2.5.jar:/Users/0xff3z/.m2/repository/org/springframework/spring-tx/6.1.6/spring-tx-6.1.6.jar:/Users/0xff3z/.m2/repository/org/springframework/spring-oxm/6.1.6/spring-oxm-6.1.6.jar:/Users/0xff3z/.m2/repository/org/springframework/spring-context-support/6.1.6/spring-context-support-6.1.6.jar:/Users/0xff3z/.m2/repository/org/slf4j/slf4j-api/2.0.13/slf4j-api-2.0.13.jar:/Users/0xff3z/.m2/repository/org/apache/commons/commons-csv/1.1/commons-csv-1.1.jar:"/>
    <property name="sun.cpu.endian" value="little"/>
    <property name="user.home" value="/Users/0xff3z"/>
    <property name="user.language" value="en"/>
    <property name="java.specification.vendor" value="Oracle Corporation"/>
    <property name="java.version.date" value="2024-01-16"/>
    <property name="java.home" value="/Users/0xff3z/Library/Java/JavaVirtualMachines/openjdk-21.0.2/Contents/Home"/>
    <property name="file.separator" value="/"/>
    <property name="basedir" value="/Users/0xff3z/Desktop/MyProjects/iewa-api-spring"/>
    <property name="java.vm.compressedOopsMode" value="Zero based"/>
    <property name="line.separator" value="&#10;"/>
    <property name="java.vm.specification.vendor" value="Oracle Corporation"/>
    <property name="java.specification.name" value="Java Platform API Specification"/>
    <property name="FILE_LOG_CHARSET" value="UTF-8"/>
    <property name="java.awt.headless" value="true"/>
    <property name="apple.awt.application.name" value="ForkedBooter"/>
    <property name="surefire.real.class.path" value="/Users/0xff3z/Desktop/MyProjects/iewa-api-spring/target/surefire/surefirebooter-20240429112616842_3.jar"/>
    <property name="junit.platform.listeners.uid.tracking.enabled" value="true"/>
    <property name="sun.management.compiler" value="HotSpot 64-Bit Tiered Compilers"/>
    <property name="ftp.nonProxyHosts" value="local|*.local|169.254/16|*.169.254/16"/>
    <property name="junit.platform.listeners.uid.tracking.output.dir" value="/Users/0xff3z/Desktop/MyProjects/iewa-api-spring/target/test-ids"/>
    <property name="java.runtime.version" value="21.0.2+13-58"/>
    <property name="user.name" value="0xff3z"/>
    <property name="stdout.encoding" value="UTF-8"/>
    <property name="path.separator" value=":"/>
    <property name="os.version" value="14.3"/>
    <property name="java.runtime.name" value="OpenJDK Runtime Environment"/>
    <property name="file.encoding" value="UTF-8"/>
    <property name="java.vm.name" value="OpenJDK 64-Bit Server VM"/>
    <property name="localRepository" value="/Users/0xff3z/.m2/repository"/>
    <property name="java.vendor.url.bug" value="https://bugreport.java.com/bugreport/"/>
    <property name="java.io.tmpdir" value="/var/folders/lg/xwvf7x0x7bsgzkdvbb6b0knr0000gn/T/"/>
    <property name="idea.version" value="2024.1"/>
    <property name="com.zaxxer.hikari.pool_number" value="1"/>
    <property name="java.version" value="21.0.2"/>
    <property name="user.dir" value="/Users/0xff3z/Desktop/MyProjects/iewa-api-spring"/>
    <property name="os.arch" value="x86_64"/>
    <property name="java.vm.specification.name" value="Java Virtual Machine Specification"/>
    <property name="PID" value="52949"/>
    <property name="CONSOLE_LOG_CHARSET" value="UTF-8"/>
    <property name="native.encoding" value="UTF-8"/>
    <property name="java.library.path" value="/Users/0xff3z/Library/Java/Extensions:/Library/Java/Extensions:/Network/Library/Java/Extensions:/System/Library/Java/Extensions:/usr/lib/java:."/>
    <property name="java.vm.info" value="mixed mode, sharing"/>
    <property name="stderr.encoding" value="UTF-8"/>
    <property name="java.vendor" value="Oracle Corporation"/>
    <property name="java.vm.version" value="21.0.2+13-58"/>
    <property name="sun.io.unicode.encoding" value="UnicodeBig"/>
    <property name="socksNonProxyHosts" value="local|*.local|169.254/16|*.169.254/16"/>
    <property name="java.class.version" value="65.0"/>
    <property name="LOGGED_APPLICATION_NAME" value="[iewa-api] "/>
  </properties>
  <testcase name="contextLoads" classname="iewa.api.IewaApiApplicationTests" time="0.429">
    <system-out><![CDATA[11:26:17.506 [main] INFO org.springframework.test.context.support.AnnotationConfigContextLoaderUtils -- Could not detect default configuration classes for test class [iewa.api.IewaApiApplicationTests]: IewaApiApplicationTests does not declare any static, non-private, non-final, nested classes annotated with @Configuration.
11:26:17.601 [main] INFO org.springframework.boot.test.context.SpringBootTestContextBootstrapper -- Found @SpringBootConfiguration iewa.api.IewaApiApplication for test class iewa.api.IewaApiApplicationTests
11:26:17.719 [main] INFO org.springframework.boot.devtools.restart.RestartApplicationListener -- Restart disabled due to context in which it is running

  .   ____          _            __ _ _
 /\\ / ___'_ __ _ _(_)_ __  __ _ \ \ \ \
( ( )\___ | '_ | '_| | '_ \/ _` | \ \ \ \
 \\/  ___)| |_)| | | | | || (_| |  ) ) ) )
  '  |____| .__|_| |_|_| |_\__, | / / / /
 =========|_|==============|___/=/_/_/_/
 :: Spring Boot ::                (v3.2.5)

2024-04-29T11:26:17.885+03:00  WARN 52949 --- [iewa-api] [           main] ory$DuplicateJsonObjectContextCustomizer : 

Found multiple occurrences of org.json.JSONObject on the class path:

	jar:file:/Users/0xff3z/.m2/repository/com/vaadin/external/google/android-json/0.0.20131108.vaadin1/android-json-0.0.20131108.vaadin1.jar!/org/json/JSONObject.class
	jar:file:/Users/0xff3z/.m2/repository/org/json/json/20240303/json-20240303.jar!/org/json/JSONObject.class

You may wish to exclude one of them to ensure predictable runtime behavior

2024-04-29T11:26:17.897+03:00  INFO 52949 --- [iewa-api] [           main] iewa.api.IewaApiApplicationTests         : Starting IewaApiApplicationTests using Java 21.0.2 with PID 52949 (started by 0xff3z in /Users/0xff3z/Desktop/MyProjects/iewa-api-spring)
2024-04-29T11:26:17.898+03:00  INFO 52949 --- [iewa-api] [           main] iewa.api.IewaApiApplicationTests         : The following 1 profile is active: "dev"
2024-04-29T11:26:18.849+03:00  INFO 52949 --- [iewa-api] [           main] .s.d.r.c.RepositoryConfigurationDelegate : Multiple Spring Data modules found, entering strict repository configuration mode
2024-04-29T11:26:18.851+03:00  INFO 52949 --- [iewa-api] [           main] .s.d.r.c.RepositoryConfigurationDelegate : Bootstrapping Spring Data JPA repositories in DEFAULT mode.
2024-04-29T11:26:18.996+03:00  INFO 52949 --- [iewa-api] [           main] .s.d.r.c.RepositoryConfigurationDelegate : Finished Spring Data repository scanning in 138 ms. Found 8 JPA repository interfaces.
2024-04-29T11:26:19.811+03:00  INFO 52949 --- [iewa-api] [           main] o.hibernate.jpa.internal.util.LogHelper  : HHH000204: Processing PersistenceUnitInfo [name: default]
2024-04-29T11:26:19.862+03:00  INFO 52949 --- [iewa-api] [           main] org.hibernate.Version                    : HHH000412: Hibernate ORM core version 6.4.4.Final
2024-04-29T11:26:19.898+03:00  INFO 52949 --- [iewa-api] [           main] o.h.c.internal.RegionFactoryInitiator    : HHH000026: Second-level cache disabled
2024-04-29T11:26:20.128+03:00  INFO 52949 --- [iewa-api] [           main] o.s.o.j.p.SpringPersistenceUnitInfo      : No LoadTimeWeaver setup: ignoring JPA class transformer
2024-04-29T11:26:20.152+03:00  INFO 52949 --- [iewa-api] [           main] com.zaxxer.hikari.HikariDataSource       : HikariPool-1 - Starting...
2024-04-29T11:26:20.325+03:00  INFO 52949 --- [iewa-api] [           main] com.zaxxer.hikari.pool.HikariPool        : HikariPool-1 - Added connection org.postgresql.jdbc.PgConnection@516b84d1
2024-04-29T11:26:20.326+03:00  INFO 52949 --- [iewa-api] [           main] com.zaxxer.hikari.HikariDataSource       : HikariPool-1 - Start completed.
2024-04-29T11:26:20.348+03:00  WARN 52949 --- [iewa-api] [           main] org.hibernate.orm.deprecation            : HHH90000025: PostgreSQLDialect does not need to be specified explicitly using 'hibernate.dialect' (remove the property setting and it will be selected by default)
2024-04-29T11:26:20.513+03:00  WARN 52949 --- [iewa-api] [           main] o.h.boot.model.internal.EntityBinder     : HHH000139: Illegal use of @Table in a subclass of a SINGLE_TABLE hierarchy: iewa.api.Model.BusinessOwner
2024-04-29T11:26:21.483+03:00  INFO 52949 --- [iewa-api] [           main] o.h.e.t.j.p.i.JtaPlatformInitiator       : HHH000489: No JTA platform available (set 'hibernate.transaction.jta.platform' to enable JTA platform integration)
2024-04-29T11:26:21.574+03:00  INFO 52949 --- [iewa-api] [           main] j.LocalContainerEntityManagerFactoryBean : Initialized JPA EntityManagerFactory for persistence unit 'default'
2024-04-29T11:26:22.694+03:00  WARN 52949 --- [iewa-api] [           main] JpaBaseConfiguration$JpaWebConfiguration : spring.jpa.open-in-view is enabled by default. Therefore, database queries may be performed during view rendering. Explicitly configure spring.jpa.open-in-view to disable this warning
2024-04-29T11:26:23.595+03:00  INFO 52949 --- [iewa-api] [           main] o.s.b.a.e.web.EndpointLinksResolver      : Exposing 1 endpoint(s) beneath base path '/actuator'
2024-04-29T11:26:23.707+03:00  INFO 52949 --- [iewa-api] [           main] o.s.s.web.DefaultSecurityFilterChain     : Will secure any request with [org.springframework.security.web.session.DisableEncodeUrlFilter@65b9ebee, org.springframework.security.web.context.request.async.WebAsyncManagerIntegrationFilter@7e2cebdf, org.springframework.security.web.context.SecurityContextHolderFilter@71adea8d, org.springframework.security.web.header.HeaderWriterFilter@72e950ef, org.springframework.web.filter.CorsFilter@25c5fc41, org.springframework.security.web.authentication.logout.LogoutFilter@7d5e165, iewa.api.Config.JwtAuthenticationFilter@4f4c3934, org.springframework.security.web.savedrequest.RequestCacheAwareFilter@40e28324, org.springframework.security.web.servletapi.SecurityContextHolderAwareRequestFilter@1b3fff29, org.springframework.security.web.authentication.AnonymousAuthenticationFilter@29fae990, org.springframework.security.web.session.SessionManagementFilter@22b0fe7e, org.springframework.security.web.access.ExceptionTranslationFilter@ddb59b6, org.springframework.security.web.access.intercept.AuthorizationFilter@3919e2d7]
2024-04-29T11:26:24.314+03:00  INFO 52949 --- [iewa-api] [           main] o.s.a.r.c.CachingConnectionFactory       : Attempting to connect to: [localhost:5672]
2024-04-29T11:26:24.345+03:00  INFO 52949 --- [iewa-api] [           main] o.s.a.r.c.CachingConnectionFactory       : Created new connection: rabbitConnectionFactory#22a9fa23:0/SimpleConnection@5c97c816 [delegate=amqp://guest@127.0.0.1:5672/, localPort=55290]
2024-04-29T11:26:24.425+03:00  INFO 52949 --- [iewa-api] [           main] iewa.api.IewaApiApplicationTests         : Started IewaApiApplicationTests in 6.712 seconds (process running for 7.483)
2024-04-29T11:26:25.319+03:00  INFO 52949 --- [iewa-api] [   scheduling-1] iewa.api.Service.Monday                  : Date: {"date":"2024-05-30","changed_at":"2024-04-28T22:20:25.059Z"}
2024-04-29T11:26:25.320+03:00  INFO 52949 --- [iewa-api] [   scheduling-1] iewa.api.Service.Monday                  : Date: 2024-05-30
2024-04-29T11:26:30.256+03:00  INFO 52949 --- [iewa-api] [           main] iewa.api.Service.Monday                  : Items: 500
Error: Unable to access lob stream
2024-04-29T11:26:31.203+03:00  INFO 52949 --- [iewa-api] [           main] iewa.api.Service.Dataload                : candidateMondayId: REJECTED_LIST
2024-04-29T11:26:31.206+03:00  INFO 52949 --- [iewa-api] [           main] iewa.api.Service.Dataload                : Business owner not found
2024-04-29T11:26:31.206+03:00  INFO 52949 --- [iewa-api] [           main] iewa.api.Service.Dataload                : candidateMondayId: IEWA_LIST
2024-04-29T11:26:31.208+03:00  INFO 52949 --- [iewa-api] [           main] iewa.api.Service.Dataload                : Business owner not found
2024-04-29T11:26:31.208+03:00  INFO 52949 --- [iewa-api] [           main] iewa.api.Service.Dataload                : candidateMondayId: SHORT_LIST
2024-04-29T11:26:31.209+03:00  INFO 52949 --- [iewa-api] [           main] iewa.api.Service.Dataload                : Business owner not found
2024-04-29T11:26:31.209+03:00  INFO 52949 --- [iewa-api] [           main] iewa.api.Service.Dataload                : candidateMondayId: MY_LIST
2024-04-29T11:26:31.211+03:00  INFO 52949 --- [iewa-api] [           main] iewa.api.Service.Dataload                : Business owner not found
2024-04-29T11:26:31.211+03:00  INFO 52949 --- [iewa-api] [           main] iewa.api.Service.Dataload                : candidateMondayId: MY_LIST
2024-04-29T11:26:31.213+03:00  INFO 52949 --- [iewa-api] [           main] iewa.api.Service.Dataload                : Business owner not found
2024-04-29T11:26:31.213+03:00  INFO 52949 --- [iewa-api] [           main] iewa.api.Service.Dataload                : candidateMondayId: MY_LIST
2024-04-29T11:26:31.214+03:00  INFO 52949 --- [iewa-api] [           main] iewa.api.Service.Dataload                : Business owner not found
2024-04-29T11:26:31.214+03:00  INFO 52949 --- [iewa-api] [           main] iewa.api.Service.Dataload                : candidateMondayId: SHORT_LIST
2024-04-29T11:26:31.215+03:00  INFO 52949 --- [iewa-api] [           main] iewa.api.Service.Dataload                : Business owner not found
2024-04-29T11:26:31.215+03:00  INFO 52949 --- [iewa-api] [           main] iewa.api.Service.Dataload                : candidateMondayId: MY_LIST
2024-04-29T11:26:31.217+03:00  INFO 52949 --- [iewa-api] [           main] iewa.api.Service.Dataload                : Business owner not found
2024-04-29T11:26:31.217+03:00  INFO 52949 --- [iewa-api] [           main] iewa.api.Service.Dataload                : candidateMondayId: MY_LIST
2024-04-29T11:26:31.219+03:00  INFO 52949 --- [iewa-api] [           main] iewa.api.Service.Dataload                : Business owner not found
2024-04-29T11:26:31.219+03:00  INFO 52949 --- [iewa-api] [           main] iewa.api.Service.Dataload                : candidateMondayId: MY_LIST
2024-04-29T11:26:31.221+03:00  INFO 52949 --- [iewa-api] [           main] iewa.api.Service.Dataload                : Business owner not found
2024-04-29T11:26:31.221+03:00  INFO 52949 --- [iewa-api] [           main] iewa.api.Service.Dataload                : candidateMondayId: MY_LIST
2024-04-29T11:26:31.223+03:00  INFO 52949 --- [iewa-api] [           main] iewa.api.Service.Dataload                : Business owner not found
2024-04-29T11:26:31.223+03:00  INFO 52949 --- [iewa-api] [           main] iewa.api.Service.Dataload                : candidateMondayId: MY_LIST
2024-04-29T11:26:31.225+03:00  INFO 52949 --- [iewa-api] [           main] iewa.api.Service.Dataload                : Business owner not found
2024-04-29T11:26:31.225+03:00  INFO 52949 --- [iewa-api] [           main] iewa.api.Service.Dataload                : candidateMondayId: MY_LIST
2024-04-29T11:26:31.226+03:00  INFO 52949 --- [iewa-api] [           main] iewa.api.Service.Dataload                : Business owner not found
2024-04-29T11:26:31.226+03:00  INFO 52949 --- [iewa-api] [           main] iewa.api.Service.Dataload                : candidateMondayId: MY_LIST
2024-04-29T11:26:31.228+03:00  INFO 52949 --- [iewa-api] [           main] iewa.api.Service.Dataload                : Business owner not found
2024-04-29T11:26:31.228+03:00  INFO 52949 --- [iewa-api] [           main] iewa.api.Service.Dataload                : candidateMondayId: MY_LIST
2024-04-29T11:26:31.230+03:00  INFO 52949 --- [iewa-api] [           main] iewa.api.Service.Dataload                : Business owner not found
2024-04-29T11:26:31.230+03:00  INFO 52949 --- [iewa-api] [           main] iewa.api.Service.Dataload                : candidateMondayId: MY_LIST
2024-04-29T11:26:31.231+03:00  INFO 52949 --- [iewa-api] [           main] iewa.api.Service.Dataload                : Business owner not found
2024-04-29T11:26:31.231+03:00  INFO 52949 --- [iewa-api] [           main] iewa.api.Service.Dataload                : candidateMondayId: MY_LIST
2024-04-29T11:26:31.233+03:00  INFO 52949 --- [iewa-api] [           main] iewa.api.Service.Dataload                : Business owner not found
2024-04-29T11:26:31.233+03:00  INFO 52949 --- [iewa-api] [           main] iewa.api.Service.Dataload                : candidateMondayId: IEWA_LIST
2024-04-29T11:26:31.234+03:00  INFO 52949 --- [iewa-api] [           main] iewa.api.Service.Dataload                : Business owner not found
2024-04-29T11:26:31.235+03:00  INFO 52949 --- [iewa-api] [           main] iewa.api.Service.Dataload                : candidateMondayId: IEWA_LIST
2024-04-29T11:26:31.236+03:00  INFO 52949 --- [iewa-api] [           main] iewa.api.Service.Dataload                : Business owner not found
2024-04-29T11:26:31.236+03:00  INFO 52949 --- [iewa-api] [           main] iewa.api.Service.Dataload                : candidateMondayId: IEWA_LIST
2024-04-29T11:26:31.237+03:00  INFO 52949 --- [iewa-api] [           main] iewa.api.Service.Dataload                : Business owner not found
2024-04-29T11:26:31.238+03:00  INFO 52949 --- [iewa-api] [           main] iewa.api.Service.Dataload                : candidateMondayId: REJECTED_LIST
2024-04-29T11:26:31.239+03:00  INFO 52949 --- [iewa-api] [           main] iewa.api.Service.Dataload                : Business owner not found
2024-04-29T11:26:31.239+03:00  INFO 52949 --- [iewa-api] [           main] iewa.api.Service.Dataload                : candidateMondayId: MY_LIST
2024-04-29T11:26:31.240+03:00  INFO 52949 --- [iewa-api] [           main] iewa.api.Service.Dataload                : Business owner not found
2024-04-29T11:26:31.241+03:00  INFO 52949 --- [iewa-api] [           main] iewa.api.Service.Dataload                : candidateMondayId: MY_LIST
2024-04-29T11:26:31.242+03:00  INFO 52949 --- [iewa-api] [           main] iewa.api.Service.Dataload                : Business owner not found
2024-04-29T11:26:31.242+03:00  INFO 52949 --- [iewa-api] [           main] iewa.api.Service.Dataload                : candidateMondayId: IEWA_LIST
2024-04-29T11:26:31.243+03:00  INFO 52949 --- [iewa-api] [           main] iewa.api.Service.Dataload                : Business owner not found
2024-04-29T11:26:31.243+03:00  INFO 52949 --- [iewa-api] [           main] iewa.api.Service.Dataload                : candidateMondayId: IEWA_LIST
2024-04-29T11:26:31.244+03:00  INFO 52949 --- [iewa-api] [           main] iewa.api.Service.Dataload                : Business owner not found
2024-04-29T11:26:31.245+03:00  INFO 52949 --- [iewa-api] [           main] iewa.api.Service.Dataload                : candidateMondayId: IEWA_LIST
2024-04-29T11:26:31.246+03:00  INFO 52949 --- [iewa-api] [           main] iewa.api.Service.Dataload                : Business owner not found
2024-04-29T11:26:31.246+03:00  INFO 52949 --- [iewa-api] [           main] iewa.api.Service.Dataload                : candidateMondayId: REJECTED_LIST
2024-04-29T11:26:31.247+03:00  INFO 52949 --- [iewa-api] [           main] iewa.api.Service.Dataload                : Business owner not found
2024-04-29T11:26:31.248+03:00  INFO 52949 --- [iewa-api] [           main] iewa.api.Service.Dataload                : candidateMondayId: REJECTED_LIST
2024-04-29T11:26:31.249+03:00  INFO 52949 --- [iewa-api] [           main] iewa.api.Service.Dataload                : Business owner not found
2024-04-29T11:26:31.249+03:00  INFO 52949 --- [iewa-api] [           main] iewa.api.Service.Dataload                : candidateMondayId: MY_LIST
2024-04-29T11:26:31.250+03:00  INFO 52949 --- [iewa-api] [           main] iewa.api.Service.Dataload                : Business owner not found
2024-04-29T11:26:31.250+03:00  INFO 52949 --- [iewa-api] [           main] iewa.api.Service.Dataload                : candidateMondayId: SHORT_LIST
2024-04-29T11:26:31.252+03:00  INFO 52949 --- [iewa-api] [           main] iewa.api.Service.Dataload                : Business owner not found
2024-04-29T11:26:31.253+03:00  INFO 52949 --- [iewa-api] [           main] iewa.api.Service.Dataload                : candidateMondayId: MY_LIST
2024-04-29T11:26:31.254+03:00  INFO 52949 --- [iewa-api] [           main] iewa.api.Service.Dataload                : Business owner not found
2024-04-29T11:26:31.255+03:00  INFO 52949 --- [iewa-api] [           main] iewa.api.Service.Dataload                : candidateMondayId: MY_LIST
2024-04-29T11:26:31.256+03:00  INFO 52949 --- [iewa-api] [           main] iewa.api.Service.Dataload                : Business owner not found
2024-04-29T11:26:31.257+03:00  INFO 52949 --- [iewa-api] [           main] iewa.api.Service.Dataload                : candidateMondayId: IEWA_LIST
2024-04-29T11:26:31.258+03:00  INFO 52949 --- [iewa-api] [           main] iewa.api.Service.Dataload                : Business owner not found
2024-04-29T11:26:31.259+03:00  INFO 52949 --- [iewa-api] [           main] iewa.api.Service.Dataload                : candidateMondayId: MY_LIST
2024-04-29T11:26:31.261+03:00  INFO 52949 --- [iewa-api] [           main] iewa.api.Service.Dataload                : Business owner not found
2024-04-29T11:26:31.261+03:00  INFO 52949 --- [iewa-api] [           main] iewa.api.Service.Dataload                : candidateMondayId: MY_LIST
2024-04-29T11:26:31.262+03:00  INFO 52949 --- [iewa-api] [           main] iewa.api.Service.Dataload                : Business owner not found
2024-04-29T11:26:31.262+03:00  INFO 52949 --- [iewa-api] [           main] iewa.api.Service.Dataload                : candidateMondayId: MY_LIST
2024-04-29T11:26:31.264+03:00  INFO 52949 --- [iewa-api] [           main] iewa.api.Service.Dataload                : Business owner not found
2024-04-29T11:26:31.264+03:00  INFO 52949 --- [iewa-api] [           main] iewa.api.Service.Dataload                : candidateMondayId: MY_LIST
2024-04-29T11:26:31.265+03:00  INFO 52949 --- [iewa-api] [           main] iewa.api.Service.Dataload                : Business owner not found
2024-04-29T11:26:31.265+03:00  INFO 52949 --- [iewa-api] [           main] iewa.api.Service.Dataload                : candidateMondayId: MY_LIST
2024-04-29T11:26:31.267+03:00  INFO 52949 --- [iewa-api] [           main] iewa.api.Service.Dataload                : Business owner not found
2024-04-29T11:26:31.267+03:00  INFO 52949 --- [iewa-api] [           main] iewa.api.Service.Dataload                : candidateMondayId: MY_LIST
2024-04-29T11:26:31.268+03:00  INFO 52949 --- [iewa-api] [           main] iewa.api.Service.Dataload                : Business owner not found
2024-04-29T11:26:31.269+03:00  INFO 52949 --- [iewa-api] [           main] iewa.api.Service.Dataload                : candidateMondayId: MY_LIST
2024-04-29T11:26:31.302+03:00  INFO 52949 --- [iewa-api] [           main] iewa.api.Service.Dataload                : candidateMondayId: IEWA_LIST
2024-04-29T11:26:31.308+03:00  INFO 52949 --- [iewa-api] [           main] iewa.api.Service.Dataload                : Business owner not found
2024-04-29T11:26:31.308+03:00  INFO 52949 --- [iewa-api] [           main] iewa.api.Service.Dataload                : candidateMondayId: IEWA_LIST
2024-04-29T11:26:31.311+03:00  INFO 52949 --- [iewa-api] [           main] iewa.api.Service.Dataload                : Business owner not found
2024-04-29T11:26:31.311+03:00  INFO 52949 --- [iewa-api] [           main] iewa.api.Service.Dataload                : candidateMondayId: IEWA_LIST
2024-04-29T11:26:31.314+03:00  INFO 52949 --- [iewa-api] [           main] iewa.api.Service.Dataload                : Business owner not found
2024-04-29T11:26:31.314+03:00  INFO 52949 --- [iewa-api] [           main] iewa.api.Service.Dataload                : candidateMondayId: IEWA_LIST
2024-04-29T11:26:31.318+03:00  INFO 52949 --- [iewa-api] [           main] iewa.api.Service.Dataload                : Business owner not found
2024-04-29T11:26:31.318+03:00  INFO 52949 --- [iewa-api] [           main] iewa.api.Service.Dataload                : candidateMondayId: IEWA_LIST
2024-04-29T11:26:31.321+03:00  INFO 52949 --- [iewa-api] [           main] iewa.api.Service.Dataload                : Business owner not found
2024-04-29T11:26:31.321+03:00  INFO 52949 --- [iewa-api] [           main] iewa.api.Service.Dataload                : candidateMondayId: IEWA_LIST
2024-04-29T11:26:31.324+03:00  INFO 52949 --- [iewa-api] [           main] iewa.api.Service.Dataload                : Business owner not found
2024-04-29T11:26:31.324+03:00  INFO 52949 --- [iewa-api] [           main] iewa.api.Service.Dataload                : candidateMondayId: IEWA_LIST
2024-04-29T11:26:31.327+03:00  INFO 52949 --- [iewa-api] [           main] iewa.api.Service.Dataload                : Business owner not found
2024-04-29T11:26:31.328+03:00  INFO 52949 --- [iewa-api] [           main] iewa.api.Service.Dataload                : candidateMondayId: MY_LIST
2024-04-29T11:26:31.330+03:00  INFO 52949 --- [iewa-api] [           main] iewa.api.Service.Dataload                : Business owner not found
2024-04-29T11:26:31.330+03:00  INFO 52949 --- [iewa-api] [           main] iewa.api.Service.Dataload                : candidateMondayId: MY_LIST
2024-04-29T11:26:31.333+03:00  INFO 52949 --- [iewa-api] [           main] iewa.api.Service.Dataload                : Business owner not found
2024-04-29T11:26:31.334+03:00  INFO 52949 --- [iewa-api] [           main] iewa.api.Service.Dataload                : candidateMondayId: MY_LIST
2024-04-29T11:26:31.336+03:00  INFO 52949 --- [iewa-api] [           main] iewa.api.Service.Dataload                : Business owner not found
2024-04-29T11:26:31.336+03:00  INFO 52949 --- [iewa-api] [           main] iewa.api.Service.Dataload                : candidateMondayId: MY_LIST
2024-04-29T11:26:31.340+03:00  INFO 52949 --- [iewa-api] [           main] iewa.api.Service.Dataload                : Business owner not found
]]></system-out>
    <system-err><![CDATA[WARNING: A Java agent has been loaded dynamically (/Users/0xff3z/.m2/repository/net/bytebuddy/byte-buddy-agent/1.14.13/byte-buddy-agent-1.14.13.jar)
WARNING: If a serviceability tool is in use, please run with -XX:+EnableDynamicAgentLoading to hide this warning
WARNING: If a serviceability tool is not in use, please run with -Djdk.instrument.traceUsage for more information
WARNING: Dynamic loading of agents will be disallowed by default in a future release
]]></system-err>
  </testcase>
</testsuite>